Using pre-set license
Built from '2022.3/staging' branch; Version is '2022.3.4f1 (35713cd46cd7) revision 3502396'; Using compiler version '192829333'; Build Type 'Release'
OS: 'Windows 10  (10.0.19045) 64bit Professional' Language: 'ru' Physical Memory: 16303 MB
BatchMode: 1, IsHumanControllingUs: 0, StartBugReporterOnCrash: 0, Is64bit: 1, IsPro: 1

COMMAND LINE ARGUMENTS:
C:\Program Files\Unity\Hub\Editor\2022.3.4f1\Editor\Unity.exe
-adb2
-batchMode
-noUpm
-name
AssetImportWorker0
-projectPath
C:/Users/lencr/My project
-logFile
Logs/AssetImportWorker0.log
-srvPort
57459
Successfully changed project path to: C:/Users/lencr/My project
C:/Users/lencr/My project
[UnityMemory] Configuration Parameters - Can be set up in boot.config
    "memorysetup-bucket-allocator-granularity=16"
    "memorysetup-bucket-allocator-bucket-count=8"
    "memorysetup-bucket-allocator-block-size=33554432"
    "memorysetup-bucket-allocator-block-count=8"
    "memorysetup-main-allocator-block-size=16777216"
    "memorysetup-thread-allocator-block-size=16777216"
    "memorysetup-gfx-main-allocator-block-size=16777216"
    "memorysetup-gfx-thread-allocator-block-size=16777216"
    "memorysetup-cache-allocator-block-size=4194304"
    "memorysetup-typetree-allocator-block-size=2097152"
    "memorysetup-profiler-bucket-allocator-granularity=16"
    "memorysetup-profiler-bucket-allocator-bucket-count=8"
    "memorysetup-profiler-bucket-allocator-block-size=33554432"
    "memorysetup-profiler-bucket-allocator-block-count=8"
    "memorysetup-profiler-allocator-block-size=16777216"
    "memorysetup-profiler-editor-allocator-block-size=1048576"
    "memorysetup-temp-allocator-size-main=16777216"
    "memorysetup-job-temp-allocator-block-size=2097152"
    "memorysetup-job-temp-allocator-block-size-background=1048576"
    "memorysetup-job-temp-allocator-reduction-small-platforms=262144"
    "memorysetup-allocator-temp-initial-block-size-main=262144"
    "memorysetup-allocator-temp-initial-block-size-worker=262144"
    "memorysetup-temp-allocator-size-background-worker=32768"
    "memorysetup-temp-allocator-size-job-worker=262144"
    "memorysetup-temp-allocator-size-preload-manager=33554432"
    "memorysetup-temp-allocator-size-nav-mesh-worker=65536"
    "memorysetup-temp-allocator-size-audio-worker=65536"
    "memorysetup-temp-allocator-size-cloud-worker=32768"
    "memorysetup-temp-allocator-size-gi-baking-worker=262144"
    "memorysetup-temp-allocator-size-gfx=262144"
Player connection [16628] Host "[IP] 192.168.1.9 [Port] 0 [Flags] 2 [Guid] 525080181 [EditorId] 525080181 [Version] 1048832 [Id] WindowsEditor(7,DESKTOP-HLC7UT6) [Debug] 1 [PackageName] WindowsEditor [ProjectName] Editor" joined multi-casting on [225.0.0.222:54997]...

Player connection [16628] Host "[IP] 192.168.1.9 [Port] 0 [Flags] 2 [Guid] 525080181 [EditorId] 525080181 [Version] 1048832 [Id] WindowsEditor(7,DESKTOP-HLC7UT6) [Debug] 1 [PackageName] WindowsEditor [ProjectName] Editor" joined alternative multi-casting on [225.0.0.222:34997]...

Refreshing native plugins compatible for Editor in 12.04 ms, found 3 plugins.
Preloading 0 native plugins for Editor in 0.00 ms.
Initialize engine version: 2022.3.4f1 (35713cd46cd7)
[Subsystems] Discovering subsystems at path C:/Program Files/Unity/Hub/Editor/2022.3.4f1/Editor/Data/Resources/UnitySubsystems
[Subsystems] Discovering subsystems at path C:/Users/lencr/My project/Assets
GfxDevice: creating device client; threaded=0; jobified=0
Direct3D:
    Version:  Direct3D 11.0 [level 11.1]
    Renderer: NVIDIA GeForce GTX 1060 6GB (ID=0x1c03)
    Vendor:   NVIDIA
    VRAM:     6043 MB
    Driver:   31.0.15.3623
Initialize mono
Mono path[0] = 'C:/Program Files/Unity/Hub/Editor/2022.3.4f1/Editor/Data/Managed'
Mono path[1] = 'C:/Program Files/Unity/Hub/Editor/2022.3.4f1/Editor/Data/MonoBleedingEdge/lib/mono/unityjit-win32'
Mono config path = 'C:/Program Files/Unity/Hub/Editor/2022.3.4f1/Editor/Data/MonoBleedingEdge/etc'
Using monoOptions --debugger-agent=transport=dt_socket,embedding=1,server=y,suspend=n,address=127.0.0.1:56828
Begin MonoManager ReloadAssembly
Registering precompiled unity dll's ...
Register platform support module: C:/Program Files/Unity/Hub/Editor/2022.3.4f1/Editor/Data/PlaybackEngines/WebGLSupport/UnityEditor.WebGL.Extensions.dll
Register platform support module: C:/Program Files/Unity/Hub/Editor/2022.3.4f1/Editor/Data/PlaybackEngines/AndroidPlayer/UnityEditor.Android.Extensions.dll
Register platform support module: C:/Program Files/Unity/Hub/Editor/2022.3.4f1/Editor/Data/PlaybackEngines/WindowsStandaloneSupport/UnityEditor.WindowsStandalone.Extensions.dll
Registered in 0.013675 seconds.
- Loaded All Assemblies, in  0.380 seconds
Native extension for WindowsStandalone target not found
Native extension for Android target not found
Android Extension - Scanning For ADB Devices 269 ms
Native extension for WebGL target not found
Mono: successfully reloaded assembly
- Finished resetting the current domain, in  0.613 seconds
Domain Reload Profiling: 992ms
	BeginReloadAssembly (103ms)
		ExecutionOrderSort (0ms)
		DisableScriptedObjects (0ms)
		BackupInstance (0ms)
		ReleaseScriptingObjects (0ms)
		CreateAndSetChildDomain (1ms)
	RebuildCommonClasses (36ms)
	RebuildNativeTypeToScriptingClass (11ms)
	initialDomainReloadingComplete (68ms)
	LoadAllAssembliesAndSetupDomain (159ms)
		LoadAssemblies (101ms)
		RebuildTransferFunctionScriptingTraits (0ms)
		AnalyzeDomain (152ms)
			TypeCache.Refresh (151ms)
				TypeCache.ScanAssembly (138ms)
			ScanForSourceGeneratedMonoScriptInfo (0ms)
			ResolveRequiredComponents (1ms)
	FinalizeReload (614ms)
		ReleaseScriptCaches (0ms)
		RebuildScriptCaches (0ms)
		SetupLoadedEditorAssemblies (547ms)
			LogAssemblyErrors (0ms)
			InitializePlatformSupportModulesInManaged (387ms)
			SetLoadedEditorAssemblies (5ms)
			RefreshPlugins (0ms)
			BeforeProcessingInitializeOnLoad (3ms)
			ProcessInitializeOnLoadAttributes (102ms)
			ProcessInitializeOnLoadMethodAttributes (50ms)
			AfterProcessingInitializeOnLoad (0ms)
			EditorAssembliesLoaded (0ms)
		ExecutionOrderSort2 (0ms)
		AwakeInstancesAfterBackupRestoration (0ms)
========================================================================
Worker process is ready to serve import requests
Begin MonoManager ReloadAssembly
Symbol file LoadedFromMemory doesn't match image C:\Users\lencr\My project\Library\PackageCache\com.unity.visualscripting@1.8.0\Editor\VisualScripting.Core\Dependencies\YamlDotNet\Unity.VisualScripting.YamlDotNet.dll
Symbol file LoadedFromMemory doesn't match image C:\Users\lencr\My project\Library\PackageCache\com.unity.visualscripting@1.8.0\Editor\VisualScripting.Core\Dependencies\DotNetZip\Unity.VisualScripting.IonicZip.dll
- Loaded All Assemblies, in  0.804 seconds
Refreshing native plugins compatible for Editor in 6.20 ms, found 3 plugins.
Native extension for WindowsStandalone target not found
Native extension for Android target not found
Native extension for WebGL target not found
Mono: successfully reloaded assembly
Package Manager log level set to [2]
[Package Manager] Server::EnsureServerProcessIsRunning -- launch failed, reason: Unity was launched with the -noUpm command-line argument
[Package Manager] UpmClient::Send -- Unable to send message (not connected to UPM process).
[Package Manager] Cannot connect to Unity Package Manager local server
[Package Manager] Server::EnsureServerProcessIsRunning -- launch failed, reason: Unity was launched with the -noUpm command-line argument
[Package Manager] UpmClient::Send -- Unable to send message (not connected to UPM process).
[Package Manager] Cannot connect to Unity Package Manager local server
- Finished resetting the current domain, in  0.639 seconds
Domain Reload Profiling: 1439ms
	BeginReloadAssembly (143ms)
		ExecutionOrderSort (0ms)
		DisableScriptedObjects (7ms)
		BackupInstance (0ms)
		ReleaseScriptingObjects (0ms)
		CreateAndSetChildDomain (24ms)
	RebuildCommonClasses (36ms)
	RebuildNativeTypeToScriptingClass (12ms)
	initialDomainReloadingComplete (45ms)
	LoadAllAssembliesAndSetupDomain (565ms)
		LoadAssemblies (308ms)
		RebuildTransferFunctionScriptingTraits (0ms)
		AnalyzeDomain (328ms)
			TypeCache.Refresh (304ms)
				TypeCache.ScanAssembly (288ms)
			ScanForSourceGeneratedMonoScriptInfo (18ms)
			ResolveRequiredComponents (6ms)
	FinalizeReload (639ms)
		ReleaseScriptCaches (0ms)
		RebuildScriptCaches (0ms)
		SetupLoadedEditorAssemblies (445ms)
			LogAssemblyErrors (0ms)
			InitializePlatformSupportModulesInManaged (33ms)
			SetLoadedEditorAssemblies (5ms)
			RefreshPlugins (0ms)
			BeforeProcessingInitializeOnLoad (107ms)
			ProcessInitializeOnLoadAttributes (269ms)
			ProcessInitializeOnLoadMethodAttributes (23ms)
			AfterProcessingInitializeOnLoad (8ms)
			EditorAssembliesLoaded (0ms)
		ExecutionOrderSort2 (0ms)
		AwakeInstancesAfterBackupRestoration (7ms)
Launched and connected shader compiler UnityShaderCompiler.exe after 0.05 seconds
Refreshing native plugins compatible for Editor in 5.65 ms, found 3 plugins.
Preloading 0 native plugins for Editor in 0.00 ms.
Unloading 3255 Unused Serialized files (Serialized files now loaded: 0)
Unloading 45 unused Assets / (64.9 KB). Loaded Objects now: 3723.
Memory consumption went from 143.3 MB to 143.2 MB.
Total: 2.742200 ms (FindLiveObjects: 0.247300 ms CreateObjectMapping: 0.226500 ms MarkObjects: 2.142100 ms  DeleteObjects: 0.125300 ms)

AssetImportParameters requested are different than current active one (requested -> active):
  custom:container-demuxer-ogg: 62fdf1f143b41e24485cea50d1cbac27 -> 
  custom:video-decoder-ogg-theora: a1e56fd34408186e4bbccfd4996cb3dc -> 
  custom:framework-win-MediaFoundation: 216162199b28c13a410421893ffa2e32 -> 
  custom:container-demuxer-webm: 4f35f7cbe854078d1ac9338744f61a02 -> 
  custom:container-muxer-webm: aa71ff27fc2769a1b78a27578f13a17b -> 
  custom:video-decoder-webm-vp8: 9c59270c3fd7afecdb556c50c9e8de78 -> 
  custom:AudioImporter_EditorPlatform: d09bf68614088b80899f8185d706f6e7 -> 
  custom:video-encoder-webm-vp8: eb34c28f22e8b96e1ab97ce403110664 -> 
  custom:audio-decoder-ogg-vorbis: bf7c407c2cedff20999df2af8eb42d56 -> 
  custom:audio-encoder-webm-vorbis: bf7c407c2cedff20999df2af8eb42d56 -> 
========================================================================
Received Import Request.
  Time since last request: 1145154.914437 seconds.
  path: Assets/Script/HexMapGenerator.cs
  artifactKey: Guid(5ed5b2954f21e7a4faf1042b83948369) Importer(815301076,1909f56bfc062723c751e8b465ee728b)
Start importing Assets/Script/HexMapGenerator.cs using Guid(5ed5b2954f21e7a4faf1042b83948369) Importer(815301076,1909f56bfc062723c751e8b465ee728b)  -> (artifact id: '3711c0597a5aaa811131f8d59cdb408d') in 0.006405 seconds
Number of updated asset objects reloaded before import = 0
Number of asset objects unloaded after import = 0
========================================================================
Received Prepare
Refreshing native plugins compatible for Editor in 7.29 ms, found 3 plugins.
Preloading 0 native plugins for Editor in 0.00 ms.
Unloading 0 Unused Serialized files (Serialized files now loaded: 0)
Unloading 1 unused Assets / (0.8 KB). Loaded Objects now: 3723.
Memory consumption went from 85.4 MB to 85.4 MB.
Total: 4.265800 ms (FindLiveObjects: 0.273600 ms CreateObjectMapping: 0.244400 ms MarkObjects: 3.719400 ms  DeleteObjects: 0.027400 ms)

Prepare: number of updated asset objects reloaded= 0
AssetImportParameters requested are different than current active one (requested -> active):
  custom:container-demuxer-ogg: 62fdf1f143b41e24485cea50d1cbac27 -> 
  custom:video-decoder-ogg-theora: a1e56fd34408186e4bbccfd4996cb3dc -> 
  custom:framework-win-MediaFoundation: 216162199b28c13a410421893ffa2e32 -> 
  custom:CustomObjectIndexerAttribute: 756ad292c208cfabdd7b50bc23989ffe -> 
  custom:container-demuxer-webm: 4f35f7cbe854078d1ac9338744f61a02 -> 
  custom:container-muxer-webm: aa71ff27fc2769a1b78a27578f13a17b -> 
  custom:video-decoder-webm-vp8: 9c59270c3fd7afecdb556c50c9e8de78 -> 
  custom:AudioImporter_EditorPlatform: d09bf68614088b80899f8185d706f6e7 -> 
  custom:video-encoder-webm-vp8: eb34c28f22e8b96e1ab97ce403110664 -> 
  custom:audio-decoder-ogg-vorbis: bf7c407c2cedff20999df2af8eb42d56 -> 
  custom:audio-encoder-webm-vorbis: bf7c407c2cedff20999df2af8eb42d56 -> 
========================================================================
Received Import Request.
  Time since last request: 12.714891 seconds.
  path: Assets/Script/HexMapGenerator.cs
  artifactKey: Guid(5ed5b2954f21e7a4faf1042b83948369) Importer(815301076,1909f56bfc062723c751e8b465ee728b)
Start importing Assets/Script/HexMapGenerator.cs using Guid(5ed5b2954f21e7a4faf1042b83948369) Importer(815301076,1909f56bfc062723c751e8b465ee728b)  -> (artifact id: 'a23f61203755dc5fbb4aa435fd0d2970') in 0.001595 seconds
Number of updated asset objects reloaded before import = 0
Number of asset objects unloaded after import = 0
========================================================================
Received Import Request.
  Time since last request: 28.091915 seconds.
  path: Assets/Script/HexMapGenerator.cs
  artifactKey: Guid(5ed5b2954f21e7a4faf1042b83948369) Importer(815301076,1909f56bfc062723c751e8b465ee728b)
Start importing Assets/Script/HexMapGenerator.cs using Guid(5ed5b2954f21e7a4faf1042b83948369) Importer(815301076,1909f56bfc062723c751e8b465ee728b)  -> (artifact id: '39dbe5219ee03381a8790823cb3ee459') in 0.000497 seconds
Number of updated asset objects reloaded before import = 0
Number of asset objects unloaded after import = 0
========================================================================
Received Import Request.
  Time since last request: 62.009286 seconds.
  path: Assets/Script/HexMapGenerator.cs
  artifactKey: Guid(5ed5b2954f21e7a4faf1042b83948369) Importer(815301076,1909f56bfc062723c751e8b465ee728b)
Start importing Assets/Script/HexMapGenerator.cs using Guid(5ed5b2954f21e7a4faf1042b83948369) Importer(815301076,1909f56bfc062723c751e8b465ee728b)  -> (artifact id: '5e8e5ae9bd07c756b0b9ecdd8a803b46') in 0.000473 seconds
Number of updated asset objects reloaded before import = 0
Number of asset objects unloaded after import = 0
========================================================================
Received Import Request.
  Time since last request: 65.523785 seconds.
  path: Assets/Script/HexMapGenerator.cs
  artifactKey: Guid(5ed5b2954f21e7a4faf1042b83948369) Importer(815301076,1909f56bfc062723c751e8b465ee728b)
Start importing Assets/Script/HexMapGenerator.cs using Guid(5ed5b2954f21e7a4faf1042b83948369) Importer(815301076,1909f56bfc062723c751e8b465ee728b)  -> (artifact id: 'deb3bee7f60497244577a574dc65c3a7') in 0.000540 seconds
Number of updated asset objects reloaded before import = 0
Number of asset objects unloaded after import = 0
========================================================================
Received Import Request.
  Time since last request: 694.216135 seconds.
  path: Assets/Script/HexMapGenerator.cs
  artifactKey: Guid(5ed5b2954f21e7a4faf1042b83948369) Importer(815301076,1909f56bfc062723c751e8b465ee728b)
Start importing Assets/Script/HexMapGenerator.cs using Guid(5ed5b2954f21e7a4faf1042b83948369) Importer(815301076,1909f56bfc062723c751e8b465ee728b)  -> (artifact id: '8dcb8b4d046edf2b94bb99f4b050ca0c') in 0.001785 seconds
Number of updated asset objects reloaded before import = 0
Number of asset objects unloaded after import = 0
========================================================================
Received Import Request.
  Time since last request: 16.208346 seconds.
  path: Assets/Script/HexMapGenerator.cs
  artifactKey: Guid(5ed5b2954f21e7a4faf1042b83948369) Importer(815301076,1909f56bfc062723c751e8b465ee728b)
Start importing Assets/Script/HexMapGenerator.cs using Guid(5ed5b2954f21e7a4faf1042b83948369) Importer(815301076,1909f56bfc062723c751e8b465ee728b)  -> (artifact id: 'dc932bd2b6aa9974c01eed12ae69d52e') in 0.000702 seconds
Number of updated asset objects reloaded before import = 0
Number of asset objects unloaded after import = 0
========================================================================
Received Import Request.
  Time since last request: 89.653533 seconds.
  path: Assets/Script/HexMapGenerator.cs
  artifactKey: Guid(5ed5b2954f21e7a4faf1042b83948369) Importer(815301076,1909f56bfc062723c751e8b465ee728b)
Start importing Assets/Script/HexMapGenerator.cs using Guid(5ed5b2954f21e7a4faf1042b83948369) Importer(815301076,1909f56bfc062723c751e8b465ee728b)  -> (artifact id: '1e7a0b4ebda0b95860d27f8fac02471f') in 0.000462 seconds
Number of updated asset objects reloaded before import = 0
Number of asset objects unloaded after import = 0
========================================================================
Received Import Request.
  Time since last request: 11.685479 seconds.
  path: Assets/Script/HexMapGenerator.cs
  artifactKey: Guid(5ed5b2954f21e7a4faf1042b83948369) Importer(815301076,1909f56bfc062723c751e8b465ee728b)
Start importing Assets/Script/HexMapGenerator.cs using Guid(5ed5b2954f21e7a4faf1042b83948369) Importer(815301076,1909f56bfc062723c751e8b465ee728b)  -> (artifact id: 'd370ed3005daf5f6bf3e8da76399bc73') in 0.001112 seconds
Number of updated asset objects reloaded before import = 0
Number of asset objects unloaded after import = 0
========================================================================
Received Import Request.
  Time since last request: 21.249015 seconds.
  path: Assets/Script/HexMapGenerator.cs
  artifactKey: Guid(5ed5b2954f21e7a4faf1042b83948369) Importer(815301076,1909f56bfc062723c751e8b465ee728b)
Start importing Assets/Script/HexMapGenerator.cs using Guid(5ed5b2954f21e7a4faf1042b83948369) Importer(815301076,1909f56bfc062723c751e8b465ee728b)  -> (artifact id: 'e26eff881e11334b23ee057eb6237ab2') in 0.000482 seconds
Number of updated asset objects reloaded before import = 0
Number of asset objects unloaded after import = 0
========================================================================
Received Import Request.
  Time since last request: 11.733861 seconds.
  path: Assets/Script/HexMapGenerator.cs
  artifactKey: Guid(5ed5b2954f21e7a4faf1042b83948369) Importer(815301076,1909f56bfc062723c751e8b465ee728b)
Start importing Assets/Script/HexMapGenerator.cs using Guid(5ed5b2954f21e7a4faf1042b83948369) Importer(815301076,1909f56bfc062723c751e8b465ee728b)  -> (artifact id: 'e59f33473546c91e10cd4d050daca09e') in 0.000488 seconds
Number of updated asset objects reloaded before import = 0
Number of asset objects unloaded after import = 0
========================================================================
Received Import Request.
  Time since last request: 30.843414 seconds.
  path: Assets/Script/HexMapGenerator.cs
  artifactKey: Guid(5ed5b2954f21e7a4faf1042b83948369) Importer(815301076,1909f56bfc062723c751e8b465ee728b)
Start importing Assets/Script/HexMapGenerator.cs using Guid(5ed5b2954f21e7a4faf1042b83948369) Importer(815301076,1909f56bfc062723c751e8b465ee728b)  -> (artifact id: 'c0e8c308a93ab5f20b21de3e3989830b') in 0.000450 seconds
Number of updated asset objects reloaded before import = 0
Number of asset objects unloaded after import = 0
========================================================================
Received Import Request.
  Time since last request: 8.985324 seconds.
  path: Assets/Script/HexMapGenerator.cs
  artifactKey: Guid(5ed5b2954f21e7a4faf1042b83948369) Importer(815301076,1909f56bfc062723c751e8b465ee728b)
Start importing Assets/Script/HexMapGenerator.cs using Guid(5ed5b2954f21e7a4faf1042b83948369) Importer(815301076,1909f56bfc062723c751e8b465ee728b)  -> (artifact id: '37c289e330e12b3311f4d94e94f8943c') in 0.000452 seconds
Number of updated asset objects reloaded before import = 0
Number of asset objects unloaded after import = 0
========================================================================
Received Import Request.
  Time since last request: 11.293873 seconds.
  path: Assets/Script/HexMapGenerator.cs
  artifactKey: Guid(5ed5b2954f21e7a4faf1042b83948369) Importer(815301076,1909f56bfc062723c751e8b465ee728b)
Start importing Assets/Script/HexMapGenerator.cs using Guid(5ed5b2954f21e7a4faf1042b83948369) Importer(815301076,1909f56bfc062723c751e8b465ee728b)  -> (artifact id: '1e8b22280b7e7ad5c51eab344683d5e2') in 0.000496 seconds
Number of updated asset objects reloaded before import = 0
Number of asset objects unloaded after import = 0
========================================================================
Received Import Request.
  Time since last request: 52.279631 seconds.
  path: Assets/Script/HexMapGenerator.cs
  artifactKey: Guid(5ed5b2954f21e7a4faf1042b83948369) Importer(815301076,1909f56bfc062723c751e8b465ee728b)
Start importing Assets/Script/HexMapGenerator.cs using Guid(5ed5b2954f21e7a4faf1042b83948369) Importer(815301076,1909f56bfc062723c751e8b465ee728b)  -> (artifact id: 'efadda63ec86458cc6f8f7233a2e8080') in 0.000545 seconds
Number of updated asset objects reloaded before import = 0
Number of asset objects unloaded after import = 0
========================================================================
Received Import Request.
  Time since last request: 26.439598 seconds.
  path: Assets/Script/HexMapGenerator.cs
  artifactKey: Guid(5ed5b2954f21e7a4faf1042b83948369) Importer(815301076,1909f56bfc062723c751e8b465ee728b)
Start importing Assets/Script/HexMapGenerator.cs using Guid(5ed5b2954f21e7a4faf1042b83948369) Importer(815301076,1909f56bfc062723c751e8b465ee728b)  -> (artifact id: '0e0fbac86d67b8c6563c18ff13517152') in 0.000498 seconds
Number of updated asset objects reloaded before import = 0
Number of asset objects unloaded after import = 0
========================================================================
Received Import Request.
  Time since last request: 51.476852 seconds.
  path: Assets/Script/HexMapGenerator.cs
  artifactKey: Guid(5ed5b2954f21e7a4faf1042b83948369) Importer(815301076,1909f56bfc062723c751e8b465ee728b)
Start importing Assets/Script/HexMapGenerator.cs using Guid(5ed5b2954f21e7a4faf1042b83948369) Importer(815301076,1909f56bfc062723c751e8b465ee728b)  -> (artifact id: 'bc2d2e2bcb9e860fabb6ac069f81943e') in 0.000516 seconds
Number of updated asset objects reloaded before import = 0
Number of asset objects unloaded after import = 0
========================================================================
Received Import Request.
  Time since last request: 55.049211 seconds.
  path: Assets/Script/HexMapGenerator.cs
  artifactKey: Guid(5ed5b2954f21e7a4faf1042b83948369) Importer(815301076,1909f56bfc062723c751e8b465ee728b)
Start importing Assets/Script/HexMapGenerator.cs using Guid(5ed5b2954f21e7a4faf1042b83948369) Importer(815301076,1909f56bfc062723c751e8b465ee728b)  -> (artifact id: '01032e462f0b8bae9160d02031baa718') in 0.000541 seconds
Number of updated asset objects reloaded before import = 0
Number of asset objects unloaded after import = 0
========================================================================
Received Import Request.
  Time since last request: 45.632750 seconds.
  path: Assets/Script/HexMapGenerator.cs
  artifactKey: Guid(5ed5b2954f21e7a4faf1042b83948369) Importer(815301076,1909f56bfc062723c751e8b465ee728b)
Start importing Assets/Script/HexMapGenerator.cs using Guid(5ed5b2954f21e7a4faf1042b83948369) Importer(815301076,1909f56bfc062723c751e8b465ee728b)  -> (artifact id: '6fe326a000201710c8d77f8c496fff01') in 0.000567 seconds
Number of updated asset objects reloaded before import = 0
Number of asset objects unloaded after import = 0
========================================================================
Received Import Request.
  Time since last request: 36.003425 seconds.
  path: Assets/Script/HexMapGenerator.cs
  artifactKey: Guid(5ed5b2954f21e7a4faf1042b83948369) Importer(815301076,1909f56bfc062723c751e8b465ee728b)
Start importing Assets/Script/HexMapGenerator.cs using Guid(5ed5b2954f21e7a4faf1042b83948369) Importer(815301076,1909f56bfc062723c751e8b465ee728b)  -> (artifact id: '85a6784756f91e4191d1a1ea0a728bc8') in 0.000467 seconds
Number of updated asset objects reloaded before import = 0
Number of asset objects unloaded after import = 0
========================================================================
Received Import Request.
  Time since last request: 59.775990 seconds.
  path: Assets/Script/HexMapGenerator.cs
  artifactKey: Guid(5ed5b2954f21e7a4faf1042b83948369) Importer(815301076,1909f56bfc062723c751e8b465ee728b)
Start importing Assets/Script/HexMapGenerator.cs using Guid(5ed5b2954f21e7a4faf1042b83948369) Importer(815301076,1909f56bfc062723c751e8b465ee728b)  -> (artifact id: '02027305c507c395f8c6cb7693cb573e') in 0.000436 seconds
Number of updated asset objects reloaded before import = 0
Number of asset objects unloaded after import = 0
========================================================================
Received Import Request.
  Time since last request: 44.883534 seconds.
  path: Assets/Script/HexMapGenerator.cs
  artifactKey: Guid(5ed5b2954f21e7a4faf1042b83948369) Importer(815301076,1909f56bfc062723c751e8b465ee728b)
Start importing Assets/Script/HexMapGenerator.cs using Guid(5ed5b2954f21e7a4faf1042b83948369) Importer(815301076,1909f56bfc062723c751e8b465ee728b)  -> (artifact id: 'e15af6bb57d1b0b7292fbc9c793fa602') in 0.000450 seconds
Number of updated asset objects reloaded before import = 0
Number of asset objects unloaded after import = 0
========================================================================
Received Import Request.
  Time since last request: 26.122300 seconds.
  path: Assets/Script/HexMapGenerator.cs
  artifactKey: Guid(5ed5b2954f21e7a4faf1042b83948369) Importer(815301076,1909f56bfc062723c751e8b465ee728b)
Start importing Assets/Script/HexMapGenerator.cs using Guid(5ed5b2954f21e7a4faf1042b83948369) Importer(815301076,1909f56bfc062723c751e8b465ee728b)  -> (artifact id: 'd2c8bb0949ce5ff1f1c83e6277b5a5fe') in 0.000450 seconds
Number of updated asset objects reloaded before import = 0
Number of asset objects unloaded after import = 0
========================================================================
Received Import Request.
  Time since last request: 46.320339 seconds.
  path: Assets/Script/HexMapGenerator.cs
  artifactKey: Guid(5ed5b2954f21e7a4faf1042b83948369) Importer(815301076,1909f56bfc062723c751e8b465ee728b)
Start importing Assets/Script/HexMapGenerator.cs using Guid(5ed5b2954f21e7a4faf1042b83948369) Importer(815301076,1909f56bfc062723c751e8b465ee728b)  -> (artifact id: '0231e0240ed2304725d7dda12dfe8425') in 0.000534 seconds
Number of updated asset objects reloaded before import = 0
Number of asset objects unloaded after import = 0
========================================================================
Received Import Request.
  Time since last request: 68.385488 seconds.
  path: Assets/Script/HexMapGenerator.cs
  artifactKey: Guid(5ed5b2954f21e7a4faf1042b83948369) Importer(815301076,1909f56bfc062723c751e8b465ee728b)
Start importing Assets/Script/HexMapGenerator.cs using Guid(5ed5b2954f21e7a4faf1042b83948369) Importer(815301076,1909f56bfc062723c751e8b465ee728b)  -> (artifact id: '7fe386989ec3de6b9539c315f3d11714') in 0.000500 seconds
Number of updated asset objects reloaded before import = 0
Number of asset objects unloaded after import = 0
========================================================================
Received Import Request.
  Time since last request: 13.525662 seconds.
  path: Assets/Script/HexMapGenerator.cs
  artifactKey: Guid(5ed5b2954f21e7a4faf1042b83948369) Importer(815301076,1909f56bfc062723c751e8b465ee728b)
Start importing Assets/Script/HexMapGenerator.cs using Guid(5ed5b2954f21e7a4faf1042b83948369) Importer(815301076,1909f56bfc062723c751e8b465ee728b)  -> (artifact id: '5d83b4c977f3b4d5f6b74c00e71a10cb') in 0.000450 seconds
Number of updated asset objects reloaded before import = 0
Number of asset objects unloaded after import = 0
========================================================================
Received Import Request.
  Time since last request: 83.915615 seconds.
  path: Assets/Script/HexMapGenerator.cs
  artifactKey: Guid(5ed5b2954f21e7a4faf1042b83948369) Importer(815301076,1909f56bfc062723c751e8b465ee728b)
Start importing Assets/Script/HexMapGenerator.cs using Guid(5ed5b2954f21e7a4faf1042b83948369) Importer(815301076,1909f56bfc062723c751e8b465ee728b)  -> (artifact id: '778983b362652f5be946266b50d358d3') in 0.000512 seconds
Number of updated asset objects reloaded before import = 0
Number of asset objects unloaded after import = 0
========================================================================
Received Import Request.
  Time since last request: 53.272516 seconds.
  path: Assets/Script/HexMapGenerator.cs
  artifactKey: Guid(5ed5b2954f21e7a4faf1042b83948369) Importer(815301076,1909f56bfc062723c751e8b465ee728b)
Start importing Assets/Script/HexMapGenerator.cs using Guid(5ed5b2954f21e7a4faf1042b83948369) Importer(815301076,1909f56bfc062723c751e8b465ee728b)  -> (artifact id: '839a1e9b288d1e286eeb4f9579fbd55b') in 0.000484 seconds
Number of updated asset objects reloaded before import = 0
Number of asset objects unloaded after import = 0
========================================================================
Received Import Request.
  Time since last request: 93.174422 seconds.
  path: Assets/Script/HexMapGenerator.cs
  artifactKey: Guid(5ed5b2954f21e7a4faf1042b83948369) Importer(815301076,1909f56bfc062723c751e8b465ee728b)
Start importing Assets/Script/HexMapGenerator.cs using Guid(5ed5b2954f21e7a4faf1042b83948369) Importer(815301076,1909f56bfc062723c751e8b465ee728b)  -> (artifact id: '5e72e2fad49444e497cc0e18f54b4900') in 0.000470 seconds
Number of updated asset objects reloaded before import = 0
Number of asset objects unloaded after import = 0
========================================================================
Received Import Request.
  Time since last request: 20.268145 seconds.
  path: Assets/Script/HexMapGenerator.cs
  artifactKey: Guid(5ed5b2954f21e7a4faf1042b83948369) Importer(815301076,1909f56bfc062723c751e8b465ee728b)
Start importing Assets/Script/HexMapGenerator.cs using Guid(5ed5b2954f21e7a4faf1042b83948369) Importer(815301076,1909f56bfc062723c751e8b465ee728b)  -> (artifact id: 'b285aae9677f9e6fe50b48a54d663938') in 0.000495 seconds
Number of updated asset objects reloaded before import = 0
Number of asset objects unloaded after import = 0
========================================================================
Received Import Request.
  Time since last request: 46.302593 seconds.
  path: Assets/Script/HexMapGenerator.cs
  artifactKey: Guid(5ed5b2954f21e7a4faf1042b83948369) Importer(815301076,1909f56bfc062723c751e8b465ee728b)
Start importing Assets/Script/HexMapGenerator.cs using Guid(5ed5b2954f21e7a4faf1042b83948369) Importer(815301076,1909f56bfc062723c751e8b465ee728b)  -> (artifact id: '7dcd89ac253bb50d82b301e12ff0d4f6') in 0.000450 seconds
Number of updated asset objects reloaded before import = 0
Number of asset objects unloaded after import = 0
========================================================================
Received Import Request.
  Time since last request: 33.093285 seconds.
  path: Assets/Script/HexMapGenerator.cs
  artifactKey: Guid(5ed5b2954f21e7a4faf1042b83948369) Importer(815301076,1909f56bfc062723c751e8b465ee728b)
Start importing Assets/Script/HexMapGenerator.cs using Guid(5ed5b2954f21e7a4faf1042b83948369) Importer(815301076,1909f56bfc062723c751e8b465ee728b)  -> (artifact id: 'fd21d431dadd877e898c076a548bafd0') in 0.000469 seconds
Number of updated asset objects reloaded before import = 0
Number of asset objects unloaded after import = 0
========================================================================
Received Import Request.
  Time since last request: 19.546072 seconds.
  path: Assets/Script/HexMapGenerator.cs
  artifactKey: Guid(5ed5b2954f21e7a4faf1042b83948369) Importer(815301076,1909f56bfc062723c751e8b465ee728b)
Start importing Assets/Script/HexMapGenerator.cs using Guid(5ed5b2954f21e7a4faf1042b83948369) Importer(815301076,1909f56bfc062723c751e8b465ee728b)  -> (artifact id: '50d64a23d5aa907e7c83b9f90ac177fa') in 0.000641 seconds
Number of updated asset objects reloaded before import = 0
Number of asset objects unloaded after import = 0
========================================================================
Received Import Request.
  Time since last request: 31.822970 seconds.
  path: Assets/Script/HexMapGenerator.cs
  artifactKey: Guid(5ed5b2954f21e7a4faf1042b83948369) Importer(815301076,1909f56bfc062723c751e8b465ee728b)
Start importing Assets/Script/HexMapGenerator.cs using Guid(5ed5b2954f21e7a4faf1042b83948369) Importer(815301076,1909f56bfc062723c751e8b465ee728b)  -> (artifact id: '031ca201cd93a47c2cb7c6ec02098bcd') in 0.000474 seconds
Number of updated asset objects reloaded before import = 0
Number of asset objects unloaded after import = 0
========================================================================
Received Import Request.
  Time since last request: 36.665459 seconds.
  path: Assets/Script/HexMapGenerator.cs
  artifactKey: Guid(5ed5b2954f21e7a4faf1042b83948369) Importer(815301076,1909f56bfc062723c751e8b465ee728b)
Start importing Assets/Script/HexMapGenerator.cs using Guid(5ed5b2954f21e7a4faf1042b83948369) Importer(815301076,1909f56bfc062723c751e8b465ee728b)  -> (artifact id: '1259da7e98ac698f06dd1535dd736cfa') in 0.000505 seconds
Number of updated asset objects reloaded before import = 0
Number of asset objects unloaded after import = 0
========================================================================
Received Import Request.
  Time since last request: 4486.250872 seconds.
  path: Assets/Script/HexMapGenerator.cs
  artifactKey: Guid(5ed5b2954f21e7a4faf1042b83948369) Importer(815301076,1909f56bfc062723c751e8b465ee728b)
Start importing Assets/Script/HexMapGenerator.cs using Guid(5ed5b2954f21e7a4faf1042b83948369) Importer(815301076,1909f56bfc062723c751e8b465ee728b)  -> (artifact id: '09a40939a905eae8ac09e442e4ff3a66') in 0.001195 seconds
Number of updated asset objects reloaded before import = 0
Number of asset objects unloaded after import = 0
========================================================================
Received Import Request.
  Time since last request: 44.881464 seconds.
  path: Assets/Script/HexMapGenerator.cs
  artifactKey: Guid(5ed5b2954f21e7a4faf1042b83948369) Importer(815301076,1909f56bfc062723c751e8b465ee728b)
Start importing Assets/Script/HexMapGenerator.cs using Guid(5ed5b2954f21e7a4faf1042b83948369) Importer(815301076,1909f56bfc062723c751e8b465ee728b)  -> (artifact id: 'e8530e1075f9b18a0e924914d3bc7453') in 0.000456 seconds
Number of updated asset objects reloaded before import = 0
Number of asset objects unloaded after import = 0
========================================================================
Received Import Request.
  Time since last request: 64.369088 seconds.
  path: Assets/Script/HexMapGenerator.cs
  artifactKey: Guid(5ed5b2954f21e7a4faf1042b83948369) Importer(815301076,1909f56bfc062723c751e8b465ee728b)
Start importing Assets/Script/HexMapGenerator.cs using Guid(5ed5b2954f21e7a4faf1042b83948369) Importer(815301076,1909f56bfc062723c751e8b465ee728b)  -> (artifact id: 'f11cc199ac515b6e8d33b09ce68f4b66') in 0.000457 seconds
Number of updated asset objects reloaded before import = 0
Number of asset objects unloaded after import = 0
========================================================================
Received Import Request.
  Time since last request: 32.163561 seconds.
  path: Assets/Script/HexMapGenerator.cs
  artifactKey: Guid(5ed5b2954f21e7a4faf1042b83948369) Importer(815301076,1909f56bfc062723c751e8b465ee728b)
Start importing Assets/Script/HexMapGenerator.cs using Guid(5ed5b2954f21e7a4faf1042b83948369) Importer(815301076,1909f56bfc062723c751e8b465ee728b)  -> (artifact id: 'ed8182e7c07f79dc46691d2814d87175') in 0.000477 seconds
Number of updated asset objects reloaded before import = 0
Number of asset objects unloaded after import = 0
========================================================================
Received Prepare
Begin MonoManager ReloadAssembly
Symbol file LoadedFromMemory doesn't match image C:\Users\lencr\My project\Library\PackageCache\com.unity.visualscripting@1.8.0\Editor\VisualScripting.Core\Dependencies\YamlDotNet\Unity.VisualScripting.YamlDotNet.dll
Symbol file LoadedFromMemory doesn't match image C:\Users\lencr\My project\Library\PackageCache\com.unity.visualscripting@1.8.0\Editor\VisualScripting.Core\Dependencies\DotNetZip\Unity.VisualScripting.IonicZip.dll
- Loaded All Assemblies, in  0.803 seconds
Refreshing native plugins compatible for Editor in 6.26 ms, found 3 plugins.
Native extension for WindowsStandalone target not found
Native extension for Android target not found
Native extension for WebGL target not found
Mono: successfully reloaded assembly
[Package Manager] Server::EnsureServerProcessIsRunning -- launch failed, reason: Unity was launched with the -noUpm command-line argument
[Package Manager] UpmClient::Send -- Unable to send message (not connected to UPM process).
[Package Manager] Cannot connect to Unity Package Manager local server
- Finished resetting the current domain, in  0.917 seconds
Domain Reload Profiling: 1717ms
	BeginReloadAssembly (192ms)
		ExecutionOrderSort (0ms)
		DisableScriptedObjects (8ms)
		BackupInstance (0ms)
		ReleaseScriptingObjects (0ms)
		CreateAndSetChildDomain (56ms)
	RebuildCommonClasses (35ms)
	RebuildNativeTypeToScriptingClass (13ms)
	initialDomainReloadingComplete (35ms)
	LoadAllAssembliesAndSetupDomain (525ms)
		LoadAssemblies (334ms)
		RebuildTransferFunctionScriptingTraits (0ms)
		AnalyzeDomain (275ms)
			TypeCache.Refresh (266ms)
				TypeCache.ScanAssembly (241ms)
			ScanForSourceGeneratedMonoScriptInfo (3ms)
			ResolveRequiredComponents (6ms)
	FinalizeReload (917ms)
		ReleaseScriptCaches (0ms)
		RebuildScriptCaches (0ms)
		SetupLoadedEditorAssemblies (384ms)
			LogAssemblyErrors (0ms)
			InitializePlatformSupportModulesInManaged (30ms)
			SetLoadedEditorAssemblies (6ms)
			RefreshPlugins (0ms)
			BeforeProcessingInitializeOnLoad (103ms)
			ProcessInitializeOnLoadAttributes (217ms)
			ProcessInitializeOnLoadMethodAttributes (21ms)
			AfterProcessingInitializeOnLoad (8ms)
			EditorAssembliesLoaded (0ms)
		ExecutionOrderSort2 (0ms)
		AwakeInstancesAfterBackupRestoration (7ms)
Refreshing native plugins compatible for Editor in 6.83 ms, found 3 plugins.
Preloading 0 native plugins for Editor in 0.00 ms.
Unloading 3222 Unused Serialized files (Serialized files now loaded: 0)
Unloading 36 unused Assets / (39.1 KB). Loaded Objects now: 3726.
Memory consumption went from 135.5 MB to 135.5 MB.
Total: 3.386600 ms (FindLiveObjects: 0.258900 ms CreateObjectMapping: 0.289100 ms MarkObjects: 2.692700 ms  DeleteObjects: 0.144900 ms)

Prepare: number of updated asset objects reloaded= 0
AssetImportParameters requested are different than current active one (requested -> active):
  custom:container-demuxer-ogg: 62fdf1f143b41e24485cea50d1cbac27 -> 
  custom:video-decoder-ogg-theora: a1e56fd34408186e4bbccfd4996cb3dc -> 
  custom:framework-win-MediaFoundation: 216162199b28c13a410421893ffa2e32 -> 
  custom:CustomObjectIndexerAttribute: 756ad292c208cfabdd7b50bc23989ffe -> 
  custom:container-demuxer-webm: 4f35f7cbe854078d1ac9338744f61a02 -> 
  custom:container-muxer-webm: aa71ff27fc2769a1b78a27578f13a17b -> 
  custom:video-decoder-webm-vp8: 9c59270c3fd7afecdb556c50c9e8de78 -> 
  custom:AudioImporter_EditorPlatform: d09bf68614088b80899f8185d706f6e7 -> 
  custom:video-encoder-webm-vp8: eb34c28f22e8b96e1ab97ce403110664 -> 
  custom:audio-decoder-ogg-vorbis: bf7c407c2cedff20999df2af8eb42d56 -> 
  custom:audio-encoder-webm-vorbis: bf7c407c2cedff20999df2af8eb42d56 -> 
========================================================================
Received Import Request.
  Time since last request: 52.009786 seconds.
  path: Assets/Script/HexMapGenerator.cs
  artifactKey: Guid(5ed5b2954f21e7a4faf1042b83948369) Importer(815301076,1909f56bfc062723c751e8b465ee728b)
Start importing Assets/Script/HexMapGenerator.cs using Guid(5ed5b2954f21e7a4faf1042b83948369) Importer(815301076,1909f56bfc062723c751e8b465ee728b)  -> (artifact id: '140574ed3808660e86a8337bafcf22f7') in 0.003443 seconds
Number of updated asset objects reloaded before import = 0
Number of asset objects unloaded after import = 0
